#
# There is insufficient memory for the Java Runtime Environment to continue.
# Native memory allocation (malloc) failed to allocate 87818240 bytes for committing reserved memory.
# Possible reasons:
#   The system is out of physical RAM or swap space
#   In 32 bit mode, the process size limit was hit
# Possible solutions:
#   Reduce memory load on the system
#   Increase physical memory or swap space
#   Check if swap backing store is full
#   Use 64 bit Java on a 64 bit OS
#   Decrease Java heap size (-Xmx/-Xms)
#   Decrease number of Java threads
#   Decrease Java thread stack sizes (-Xss)
#   Set larger code cache with -XX:ReservedCodeCacheSize=
# This output file may be truncated or incomplete.
#
#  Out of Memory Error (os_linux.cpp:2718), pid=26454, tid=1812986688
#
# JRE version: Java(TM) SE Runtime Environment (7.0_45-b18) (build 1.7.0_45-b18)
# Java VM: Java HotSpot(TM) Server VM (24.45-b08 mixed mode linux-x86 )
# Failed to write core dump. Core dumps have been disabled. To enable core dumping, try "ulimit -c unlimited" before starting Java again
#

---------------  T H R E A D  ---------------

Current thread (0x6c181000):  VMThread [stack: 0x6c07f000,0x6c100000] [id=26460]

Stack: [0x6c07f000,0x6c100000],  sp=0x6c0fe9d0,  free space=510k
Native frames: (J=compiled Java code, j=interpreted, Vv=VM code, C=native code)
V  [libjvm.so+0x7dc836]  VMError::report_and_die()+0x1a6
V  [libjvm.so+0x33a5c2]  report_vm_out_of_memory(char const*, int, unsigned int, char const*)+0x72
V  [libjvm.so+0x67bc21]  os::Linux::commit_memory_impl(char*, unsigned int, bool)+0xe1
V  [libjvm.so+0x67c077]  os::Linux::commit_memory_impl(char*, unsigned int, unsigned int, bool)+0x47
V  [libjvm.so+0x67c23d]  os::pd_commit_memory(char*, unsigned int, unsigned int, bool)+0x1d
V  [libjvm.so+0x675c8c]  os::commit_memory(char*, unsigned int, unsigned int, bool)+0x2c
V  [libjvm.so+0x6df178]  PSVirtualSpace::expand_by(unsigned int)+0x48
V  [libjvm.so+0x6e027a]  PSYoungGen::resize_generation(unsigned int, unsigned int)+0xda
V  [libjvm.so+0x6df5b9]  PSYoungGen::resize(unsigned int, unsigned int)+0x19
V  [libjvm.so+0x6dd31b]  PSScavenge::invoke_no_policy()+0x105b
V  [libjvm.so+0x6dd748]  PSScavenge::invoke()+0x28
V  [libjvm.so+0x69b9aa]  ParallelScavengeHeap::failed_mem_allocate(unsigned int)+0x5a
V  [libjvm.so+0x7de0da]  VM_ParallelGCFailedAllocation::doit()+0x7a
V  [libjvm.so+0x7e6e97]  VM_Operation::evaluate()+0x47
V  [libjvm.so+0x7e4f93]  VMThread::evaluate_operation(VM_Operation*)+0xb3
V  [libjvm.so+0x7e5330]  VMThread::loop()+0x1b0
V  [libjvm.so+0x7e5795]  VMThread::run()+0x85
V  [libjvm.so+0x67e0f9]  java_start(Thread*)+0x119
C  [libpthread.so.0+0x6f70]  start_thread+0xd0

VM_Operation (0xb67b88f0): ParallelGCFailedAllocation, mode: safepoint, requested by thread 0xb6608400


---------------  P R O C E S S  ---------------

Java Threads: ( => current thread )
  0x6c199800 JavaThread "Service Thread" daemon [_thread_blocked, id=26466, stack(0x6b8be000,0x6b90f000)]
  0x6c197800 JavaThread "C2 CompilerThread1" daemon [_thread_blocked, id=26465, stack(0x6b90f000,0x6b990000)]
  0x6c195800 JavaThread "C2 CompilerThread0" daemon [_thread_blocked, id=26464, stack(0x6be2e000,0x6beaf000)]
  0x6c194000 JavaThread "Signal Dispatcher" daemon [_thread_blocked, id=26463, stack(0x6beaf000,0x6bf00000)]
  0x6c185000 JavaThread "Finalizer" daemon [_thread_blocked, id=26462, stack(0x6c02e000,0x6c07f000)]
  0x6c182800 JavaThread "Reference Handler" daemon [_thread_blocked, id=26461, stack(0x6eb2e000,0x6eb7f000)]
  0xb6608400 JavaThread "main" [_thread_blocked, id=26455, stack(0xb6769000,0xb67ba000)]

Other Threads:
=>0x6c181000 VMThread [stack: 0x6c07f000,0x6c100000] [id=26460]
  0x6c19b400 WatcherThread [stack: 0x6b83d000,0x6b8be000] [id=26467]

VM state:at safepoint (normal execution)

VM Mutex/Monitor currently owned by a thread:  ([mutex/lock_event])
[0xb6605ab0] Threads_lock - owner thread: 0x6c181000
[0xb6605ec0] Heap_lock - owner thread: 0xb6608400

Heap
 PSYoungGen      total 141568K, used 18940K [0x9df80000, 0xa8080000, 0xb3500000)
  eden space 122624K, 0% used [0x9df80000,0x9df80000,0xa5740000)
  from space 18944K, 99% used [0xa5740000,0xa69bf288,0xa69c0000)
  to   space 14592K, 0% used [0xa69c0000,0xa69c0000,0xa7800000)
 ParOldGen       total 41984K, used 40939K [0x73500000, 0x75e00000, 0x9df80000)
  object space 41984K, 97% used [0x73500000,0x75cfada8,0x75e00000)
 PSPermGen       total 16384K, used 3742K [0x6f500000, 0x70500000, 0x73500000)
  object space 16384K, 22% used [0x6f500000,0x6f8a79f8,0x70500000)

Card table byte_map: [0x6f2df000,0x6f500000] byte_map_base: 0x6ef64800

Polling page: 0xb76f3000

Code Cache  [0xb35cf000, 0xb3887000, 0xb65cf000)
 total_blobs=878 nmethods=758 adapters=73 free_code_cache=46494Kb largest_free_block=47499200

Compilation events (10 events):
Event: 18.612 Thread 0x6c195800 nmethod 786 0xb36b5c08 code [0xb36b5ec0, 0xb36b71cc]
Event: 18.612 Thread 0x6c195800  787             com.android.dx.dex.code.RopTranslator$1::visitPlainCstInsn (64 bytes)
Event: 18.619 Thread 0x6c195800 nmethod 787 0xb3830408 code [0xb3830500, 0xb3830610]
Event: 18.622 Thread 0x6c195800  788             com.android.dx.dex.code.RopTranslator$TranslationVisitor::visitPlainCstInsn (161 bytes)
Event: 18.642 Thread 0x6c195800 nmethod 788 0xb381dd88 code [0xb381df20, 0xb381e300]
Event: 18.645 Thread 0x6c195800  789   !         com.android.dx.cf.code.RopperMachine::run (1550 bytes)
Event: 18.899 Thread 0x6c197800 nmethod 785 0xb3871348 code [0xb38728c0, 0xb3878ee8]
Event: 18.900 Thread 0x6c197800  790             com.android.dx.util.ByteArray::getShort (25 bytes)
Event: 18.902 Thread 0x6c197800 nmethod 790 0xb381d9c8 code [0xb381dac0, 0xb381dbb0]
Event: 18.903 Thread 0x6c197800  791             com.android.dx.ssa.back.FirstFitLocalCombiningAllocator::handleNormalUnassociated (99 bytes)

GC Heap History (10 events):
Event: 6.387 GC heap after
Heap after GC invocations=4 (full 0):
 PSYoungGen      total 34816K, used 2546K [0x9df80000, 0xa0400000, 0xb3500000)
  eden space 32256K, 0% used [0x9df80000,0x9df80000,0x9ff00000)
  from space 2560K, 99% used [0xa0180000,0xa03fc910,0xa0400000)
  to   space 2560K, 0% used [0x9ff00000,0x9ff00000,0xa0180000)
 ParOldGen       total 41984K, used 8700K [0x73500000, 0x75e00000, 0x9df80000)
  object space 41984K, 20% used [0x73500000,0x73d7f098,0x75e00000)
 PSPermGen       total 16384K, used 3656K [0x6f500000, 0x70500000, 0x73500000)
  object space 16384K, 22% used [0x6f500000,0x6f8920d8,0x70500000)
}
Event: 8.234 GC heap before
{Heap before GC invocations=5 (full 0):
 PSYoungGen      total 34816K, used 34802K [0x9df80000, 0xa0400000, 0xb3500000)
  eden space 32256K, 100% used [0x9df80000,0x9ff00000,0x9ff00000)
  from space 2560K, 99% used [0xa0180000,0xa03fc910,0xa0400000)
  to   space 2560K, 0% used [0x9ff00000,0x9ff00000,0xa0180000)
 ParOldGen       total 41984K, used 8700K [0x73500000, 0x75e00000, 0x9df80000)
  object space 41984K, 20% used [0x73500000,0x73d7f098,0x75e00000)
 PSPermGen       total 16384K, used 3674K [0x6f500000, 0x70500000, 0x73500000)
  object space 16384K, 22% used [0x6f500000,0x6f896ae8,0x70500000)
Event: 8.274 GC heap after
Heap after GC invocations=5 (full 0):
 PSYoungGen      total 34816K, used 2558K [0x9df80000, 0xa2e00000, 0xb3500000)
  eden space 32256K, 0% used [0x9df80000,0x9df80000,0x9ff00000)
  from space 2560K, 99% used [0x9ff00000,0xa017f808,0xa0180000)
  to   space 7936K, 0% used [0xa2640000,0xa2640000,0xa2e00000)
 ParOldGen       total 41984K, used 14240K [0x73500000, 0x75e00000, 0x9df80000)
  object space 41984K, 33% used [0x73500000,0x742e8078,0x75e00000)
 PSPermGen       total 16384K, used 3674K [0x6f500000, 0x70500000, 0x73500000)
  object space 16384K, 22% used [0x6f500000,0x6f896ae8,0x70500000)
}
Event: 10.103 GC heap before
{Heap before GC invocations=6 (full 0):
 PSYoungGen      total 34816K, used 34814K [0x9df80000, 0xa2e00000, 0xb3500000)
  eden space 32256K, 100% used [0x9df80000,0x9ff00000,0x9ff00000)
  from space 2560K, 99% used [0x9ff00000,0xa017f808,0xa0180000)
  to   space 7936K, 0% used [0xa2640000,0xa2640000,0xa2e00000)
 ParOldGen       total 41984K, used 14240K [0x73500000, 0x75e00000, 0x9df80000)
  object space 41984K, 33% used [0x73500000,0x742e8078,0x75e00000)
 PSPermGen       total 16384K, used 3688K [0x6f500000, 0x70500000, 0x73500000)
  object space 16384K, 22% used [0x6f500000,0x6f89a0f0,0x70500000)
Event: 10.136 GC heap after
Heap after GC invocations=6 (full 0):
 PSYoungGen      total 71424K, used 7929K [0x9df80000, 0xa3000000, 0xb3500000)
  eden space 63488K, 0% used [0x9df80000,0x9df80000,0xa1d80000)
  from space 7936K, 99% used [0xa2640000,0xa2dfe540,0xa2e00000)
  to   space 8960K, 0% used [0xa1d80000,0xa1d80000,0xa2640000)
 ParOldGen       total 41984K, used 14378K [0x73500000, 0x75e00000, 0x9df80000)
  object space 41984K, 34% used [0x73500000,0x7430a9d8,0x75e00000)
 PSPermGen       total 16384K, used 3688K [0x6f500000, 0x70500000, 0x73500000)
  object space 16384K, 22% used [0x6f500000,0x6f89a0f0,0x70500000)
}
Event: 13.917 GC heap before
{Heap before GC invocations=7 (full 0):
 PSYoungGen      total 71424K, used 71417K [0x9df80000, 0xa3000000, 0xb3500000)
  eden space 63488K, 100% used [0x9df80000,0xa1d80000,0xa1d80000)
  from space 7936K, 99% used [0xa2640000,0xa2dfe540,0xa2e00000)
  to   space 8960K, 0% used [0xa1d80000,0xa1d80000,0xa2640000)
 ParOldGen       total 41984K, used 14378K [0x73500000, 0x75e00000, 0x9df80000)
  object space 41984K, 34% used [0x73500000,0x7430a9d8,0x75e00000)
 PSPermGen       total 16384K, used 3709K [0x6f500000, 0x70500000, 0x73500000)
  object space 16384K, 22% used [0x6f500000,0x6f89f480,0x70500000)
Event: 14.185 GC heap after
Heap after GC invocations=7 (full 0):
 PSYoungGen      total 72448K, used 8954K [0x9df80000, 0xa7800000, 0xb3500000)
  eden space 63488K, 0% used [0x9df80000,0x9df80000,0xa1d80000)
  from space 8960K, 99% used [0xa1d80000,0xa263e918,0xa2640000)
  to   space 14592K, 0% used [0xa69c0000,0xa69c0000,0xa7800000)
 ParOldGen       total 41984K, used 23545K [0x73500000, 0x75e00000, 0x9df80000)
  object space 41984K, 56% used [0x73500000,0x74bfe560,0x75e00000)
 PSPermGen       total 16384K, used 3709K [0x6f500000, 0x70500000, 0x73500000)
  object space 16384K, 22% used [0x6f500000,0x6f89f480,0x70500000)
}
Event: 16.671 GC heap before
{Heap before GC invocations=8 (full 0):
 PSYoungGen      total 72448K, used 72442K [0x9df80000, 0xa7800000, 0xb3500000)
  eden space 63488K, 100% used [0x9df80000,0xa1d80000,0xa1d80000)
  from space 8960K, 99% used [0xa1d80000,0xa263e918,0xa2640000)
  to   space 14592K, 0% used [0xa69c0000,0xa69c0000,0xa7800000)
 ParOldGen       total 41984K, used 23545K [0x73500000, 0x75e00000, 0x9df80000)
  object space 41984K, 56% used [0x73500000,0x74bfe560,0x75e00000)
 PSPermGen       total 16384K, used 3714K [0x6f500000, 0x70500000, 0x73500000)
  object space 16384K, 22% used [0x6f500000,0x6f8a0ac8,0x70500000)
Event: 16.757 GC heap after
Heap after GC invocations=8 (full 0):
 PSYoungGen      total 137216K, used 14590K [0x9df80000, 0xa8080000, 0xb3500000)
  eden space 122624K, 0% used [0x9df80000,0x9df80000,0xa5740000)
  from space 14592K, 99% used [0xa69c0000,0xa77ff940,0xa7800000)
  to   space 18944K, 0% used [0xa5740000,0xa5740000,0xa69c0000)
 ParOldGen       total 41984K, used 28041K [0x73500000, 0x75e00000, 0x9df80000)
  object space 41984K, 66% used [0x73500000,0x75062410,0x75e00000)
 PSPermGen       total 16384K, used 3714K [0x6f500000, 0x70500000, 0x73500000)
  object space 16384K, 22% used [0x6f500000,0x6f8a0ac8,0x70500000)
}
Event: 18.921 GC heap before
{Heap before GC invocations=9 (full 0):
 PSYoungGen      total 137216K, used 137214K [0x9df80000, 0xa8080000, 0xb3500000)
  eden space 122624K, 100% used [0x9df80000,0xa5740000,0xa5740000)
  from space 14592K, 99% used [0xa69c0000,0xa77ff940,0xa7800000)
  to   space 18944K, 0% used [0xa5740000,0xa5740000,0xa69c0000)
 ParOldGen       total 41984K, used 28041K [0x73500000, 0x75e00000, 0x9df80000)
  object space 41984K, 66% used [0x73500000,0x75062410,0x75e00000)
 PSPermGen       total 16384K, used 3742K [0x6f500000, 0x70500000, 0x73500000)
  object space 16384K, 22% used [0x6f500000,0x6f8a79f8,0x70500000)

Deoptimization events (10 events):
Event: 17.321 Thread 0xb6608400 Uncommon trap: reason=class_check action=maybe_recompile pc=0xb37bc2ac method=com.android.dx.ssa.back.FirstFitLocalCombiningAllocator.findNextUnreservedRopReg(IILcom/android/dx/ssa/back/FirstFitLocalCombiningAllocator$Alignment;)I @ 60
Event: 17.385 Thread 0xb6608400 Uncommon trap: reason=class_check action=maybe_recompile pc=0xb3754788 method=com.android.dx.ssa.back.FirstFitLocalCombiningAllocator.findNextUnreservedRopReg(IILcom/android/dx/ssa/back/FirstFitLocalCombiningAllocator$Alignment;)I @ 60
Event: 17.398 Thread 0xb6608400 Uncommon trap: reason=class_check action=maybe_recompile pc=0xb3663640 method=com.android.dx.ssa.PhiTypeResolver.run()V @ 151
Event: 17.401 Thread 0xb6608400 Uncommon trap: reason=class_check action=maybe_recompile pc=0xb3663640 method=com.android.dx.ssa.PhiTypeResolver.run()V @ 151
Event: 17.747 Thread 0xb6608400 Uncommon trap: reason=class_check action=maybe_recompile pc=0xb3660cb8 method=com.android.dx.ssa.SCCP.replaceConstants()V @ 182
Event: 17.752 Thread 0xb6608400 Uncommon trap: reason=class_check action=maybe_recompile pc=0xb3660cb8 method=com.android.dx.ssa.SCCP.replaceConstants()V @ 182
Event: 18.177 Thread 0xb6608400 Uncommon trap: reason=bimorphic action=maybe_recompile pc=0xb3848a4c method=com.android.dx.cf.code.BytecodeArray.parseInstruction(ILcom/android/dx/cf/code/BytecodeArray$Visitor;)I @ 1549
Event: 18.177 Thread 0xb6608400 Uncommon trap: reason=bimorphic action=maybe_recompile pc=0xb3848a4c method=com.android.dx.cf.code.BytecodeArray.parseInstruction(ILcom/android/dx/cf/code/BytecodeArray$Visitor;)I @ 1549
Event: 18.191 Thread 0xb6608400 Uncommon trap: reason=null_check action=make_not_entrant pc=0xb385b688 method=com.android.dx.rop.cst.CstType.intern(Lcom/android/dx/rop/type/Type;)Lcom/android/dx/rop/cst/CstType; @ 13
Event: 18.585 Thread 0xb6608400 Uncommon trap: reason=bimorphic action=maybe_recompile pc=0xb370ba70 method=com.android.dx.ssa.LiteralOpUpgrader.tryReplacingWithConstant(Lcom/android/dx/ssa/NormalSsaInsn;)Z @ 62

Internal exceptions (10 events):
Event: 3.108 Thread 0xb6608400 Implicit null exception at 0xb365e4d8 to 0xb365e9cd
Event: 4.148 Thread 0xb6608400 Implicit null exception at 0xb3686668 to 0xb3686a2b
Event: 5.914 Thread 0xb6608400 Threw 0x9e7b3840 at /HUDSON/workspace/7u-2-build-linux-i586/jdk7u45/229/hotspot/src/share/vm/prims/jvm.cpp:1244
Event: 5.915 Thread 0xb6608400 Threw 0x9e7b73b0 at /HUDSON/workspace/7u-2-build-linux-i586/jdk7u45/229/hotspot/src/share/vm/prims/jvm.cpp:1244
Event: 5.916 Thread 0xb6608400 Threw 0x9e7babf8 at /HUDSON/workspace/7u-2-build-linux-i586/jdk7u45/229/hotspot/src/share/vm/prims/jvm.cpp:1244
Event: 6.221 Thread 0xb6608400 Threw 0x9ecab4b8 at /HUDSON/workspace/7u-2-build-linux-i586/jdk7u45/229/hotspot/src/share/vm/prims/jvm.cpp:1244
Event: 8.551 Thread 0xb6608400 Implicit null exception at 0xb36f2634 to 0xb36f5b49
Event: 11.933 Thread 0xb6608400 Threw 0x9f9b29a8 at /HUDSON/workspace/7u-2-build-linux-i586/jdk7u45/229/hotspot/src/share/vm/prims/jvm.cpp:1244
Event: 13.369 Thread 0xb6608400 Threw 0xa12b5b88 at /HUDSON/workspace/7u-2-build-linux-i586/jdk7u45/229/hotspot/src/share/vm/prims/jvm.cpp:1244
Event: 18.191 Thread 0xb6608400 Implicit null exception at 0xb385a064 to 0xb385b67d

Events (10 events):
Event: 18.177 Thread 0xb6608400 DEOPT PACKING pc=0xb3848a4c sp=0xb67b88e0
Event: 18.177 Thread 0xb6608400 DEOPT UNPACKING pc=0xb35fbbbc sp=0xb67b88f0 mode 2
Event: 18.191 Thread 0xb6608400 Uncommon trap: trap_request=0xfffffff4 fr.pc=0xb385b688
Event: 18.191 Thread 0xb6608400 DEOPT PACKING pc=0xb385b688 sp=0xb67b8940
Event: 18.191 Thread 0xb6608400 DEOPT UNPACKING pc=0xb35fbbbc sp=0xb67b88cc mode 2
Event: 18.363 Thread 0x6c195800 flushing nmethod 0xb36b0a48
Event: 18.585 Thread 0xb6608400 Uncommon trap: trap_request=0xffffffc6 fr.pc=0xb370ba70
Event: 18.585 Thread 0xb6608400 DEOPT PACKING pc=0xb370ba70 sp=0xb67b8990
Event: 18.585 Thread 0xb6608400 DEOPT UNPACKING pc=0xb35fbbbc sp=0xb67b8914 mode 2
Event: 18.921 Executing VM operation: ParallelGCFailedAllocation


Dynamic libraries:
08048000-08049000 r-xp 00000000 08:01 941192     /home/islam/jdk1.7.0_45/bin/java
08049000-0804a000 rwxp 00000000 08:01 941192     /home/islam/jdk1.7.0_45/bin/java
0962a000-096c4000 rwxp 00000000 00:00 0          [heap]
69b00000-69bff000 rwxp 00000000 00:00 0 
69bff000-69c00000 ---p 00000000 00:00 0 
69c00000-69cc6000 rwxp 00000000 00:00 0 
69cc6000-69d00000 ---p 00000000 00:00 0 
69e00000-69efe000 rwxp 00000000 00:00 0 
69efe000-69f00000 ---p 00000000 00:00 0 
69f00000-69fd9000 rwxp 00000000 00:00 0 
69fd9000-6a000000 ---p 00000000 00:00 0 
6a000000-6a0f7000 rwxp 00000000 00:00 0 
6a0f7000-6a100000 ---p 00000000 00:00 0 
6a100000-6a1fd000 rwxp 00000000 00:00 0 
6a1fd000-6a200000 ---p 00000000 00:00 0 
6a200000-6a300000 rwxp 00000000 00:00 0 
6a300000-6a3ea000 rwxp 00000000 00:00 0 
6a3ea000-6a400000 ---p 00000000 00:00 0 
6a500000-6a5fd000 rwxp 00000000 00:00 0 
6a5fd000-6a600000 ---p 00000000 00:00 0 
6a600000-6a6f1000 rwxp 00000000 00:00 0 
6a6f1000-6a700000 ---p 00000000 00:00 0 
6a700000-6a7fb000 rwxp 00000000 00:00 0 
6a7fb000-6a800000 ---p 00000000 00:00 0 
6a800000-6a8fe000 rwxp 00000000 00:00 0 
6a8fe000-6a900000 ---p 00000000 00:00 0 
6a900000-6a9fa000 rwxp 00000000 00:00 0 
6a9fa000-6aa00000 ---p 00000000 00:00 0 
6ab00000-6abfc000 rwxp 00000000 00:00 0 
6abfc000-6ac00000 ---p 00000000 00:00 0 
6ac00000-6aced000 rwxp 00000000 00:00 0 
6aced000-6ad00000 ---p 00000000 00:00 0 
6ad00000-6ade8000 rwxp 00000000 00:00 0 
6ade8000-6ae00000 ---p 00000000 00:00 0 
6ae00000-6aefc000 rwxp 00000000 00:00 0 
6aefc000-6af00000 ---p 00000000 00:00 0 
6af00000-6afde000 rwxp 00000000 00:00 0 
6afde000-6b000000 ---p 00000000 00:00 0 
6b100000-6b1fa000 rwxp 00000000 00:00 0 
6b1fa000-6b200000 ---p 00000000 00:00 0 
6b300000-6b3cc000 rwxp 00000000 00:00 0 
6b3cc000-6b400000 ---p 00000000 00:00 0 
6b400000-6b4fc000 rwxp 00000000 00:00 0 
6b4fc000-6b500000 ---p 00000000 00:00 0 
6b500000-6b5a4000 rwxp 00000000 00:00 0 
6b5a4000-6b600000 ---p 00000000 00:00 0 
6b600000-6b6fa000 rwxp 00000000 00:00 0 
6b6fa000-6b700000 ---p 00000000 00:00 0 
6b700000-6b7e6000 rwxp 00000000 00:00 0 
6b7e6000-6b800000 ---p 00000000 00:00 0 
6b83d000-6b83e000 ---p 00000000 00:00 0 
6b83e000-6b8be000 rwxp 00000000 00:00 0          [stack:26467]
6b8be000-6b8c1000 ---p 00000000 00:00 0 
6b8c1000-6b90f000 rwxp 00000000 00:00 0          [stack:26466]
6b90f000-6b912000 ---p 00000000 00:00 0 
6b912000-6b990000 rwxp 00000000 00:00 0          [stack:26465]
6b990000-6bb00000 r-xp 00449000 08:01 787301     /usr/lib/locale/locale-archive
6bb00000-6bd00000 r-xp 00000000 08:01 787301     /usr/lib/locale/locale-archive
6bd00000-6bd21000 rwxp 00000000 00:00 0 
6bd21000-6be00000 ---p 00000000 00:00 0 
6be2e000-6be31000 ---p 00000000 00:00 0 
6be31000-6beaf000 rwxp 00000000 00:00 0          [stack:26464]
6beaf000-6beb2000 ---p 00000000 00:00 0 
6beb2000-6bf00000 rwxp 00000000 00:00 0          [stack:26463]
6bf00000-6bffe000 rwxp 00000000 00:00 0 
6bffe000-6c000000 ---p 00000000 00:00 0 
6c02e000-6c031000 ---p 00000000 00:00 0 
6c031000-6c07f000 rwxp 00000000 00:00 0          [stack:26462]
6c07f000-6c080000 ---p 00000000 00:00 0 
6c080000-6c100000 rwxp 00000000 00:00 0          [stack:26460]
6c100000-6c1fa000 rwxp 00000000 00:00 0 
6c1fa000-6c200000 ---p 00000000 00:00 0 
6c204000-6c3c0000 r-xs 039b2000 08:01 12489      /home/islam/jdk1.7.0_45/jre/lib/rt.jar
6c3c0000-6ea00000 rwxp 00000000 00:00 0 
6ea00000-6eaf6000 rwxp 00000000 00:00 0 
6eaf6000-6eb00000 ---p 00000000 00:00 0 
6eb2e000-6eb31000 ---p 00000000 00:00 0 
6eb31000-6eb7f000 rwxp 00000000 00:00 0          [stack:26461]
6eb7f000-6eb80000 ---p 00000000 00:00 0 
6eb80000-6ec00000 rwxp 00000000 00:00 0          [stack:26459]
6ec00000-6ec21000 rwxp 00000000 00:00 0 
6ec21000-6ed00000 ---p 00000000 00:00 0 
6ed00000-6ed21000 rwxp 00000000 00:00 0 
6ed21000-6ee00000 ---p 00000000 00:00 0 
6ee0e000-6ee23000 r-xp 00000000 08:01 142236     /home/islam/jdk1.7.0_45/jre/lib/i386/libnet.so
6ee23000-6ee24000 rwxp 00014000 08:01 142236     /home/islam/jdk1.7.0_45/jre/lib/i386/libnet.so
6ee24000-6ee7f000 rwxp 00000000 00:00 0 
6ee7f000-6ee80000 ---p 00000000 00:00 0 
6ee80000-6ef00000 rwxp 00000000 00:00 0          [stack:26458]
6ef00000-6ef21000 rwxp 00000000 00:00 0 
6ef21000-6f000000 ---p 00000000 00:00 0 
6f002000-6f067000 rwxp 00000000 00:00 0 
6f067000-6f068000 ---p 00000000 00:00 0 
6f068000-6f0e8000 rwxp 00000000 00:00 0          [stack:26457]
6f0e8000-6f0e9000 ---p 00000000 00:00 0 
6f0e9000-6f171000 rwxp 00000000 00:00 0          [stack:26456]
6f171000-6f189000 rwxp 00000000 00:00 0 
6f189000-6f19e000 rwxp 00000000 00:00 0 
6f19e000-6f2df000 rwxp 00000000 00:00 0 
6f2df000-6f2e7000 rwxp 00000000 00:00 0 
6f2e7000-6f2ff000 rwxp 00000000 00:00 0 
6f2ff000-6f314000 rwxp 00000000 00:00 0 
6f314000-6f454000 rwxp 00000000 00:00 0 
6f454000-6f4a5000 rwxp 00000000 00:00 0 
6f4a5000-6f4ff000 rwxp 00000000 00:00 0 
6f4ff000-70500000 rwxp 00000000 00:00 0 
70500000-73500000 rwxp 00000000 00:00 0 
73500000-75e00000 rwxp 00000000 00:00 0 
75e00000-9df80000 rwxp 00000000 00:00 0 
9df80000-a8080000 rwxp 00000000 00:00 0 
ad227000-ad440000 rwxp 00000000 00:00 0 
ad440000-b3500000 rwxp 00000000 00:00 0 
b3500000-b350e000 r-xp 00000000 08:01 142232     /home/islam/jdk1.7.0_45/jre/lib/i386/libnio.so
b350e000-b350f000 rwxp 0000e000 08:01 142232     /home/islam/jdk1.7.0_45/jre/lib/i386/libnio.so
b350f000-b351a000 rwxp 00000000 00:00 0 
b351a000-b35cf000 rwxp 00000000 00:00 0 
b35cf000-b3887000 rwxp 00000000 00:00 0 
b3887000-b65cf000 rwxp 00000000 00:00 0 
b65cf000-b65e6000 r-xp 00000000 08:01 142230     /home/islam/jdk1.7.0_45/jre/lib/i386/libzip.so
b65e6000-b65e7000 rwxp 00017000 08:01 142230     /home/islam/jdk1.7.0_45/jre/lib/i386/libzip.so
b65e7000-b65f2000 r-xp 00000000 08:01 1317821    /lib/i386-linux-gnu/libnss_files-2.19.so
b65f2000-b65f3000 r-xp 0000a000 08:01 1317821    /lib/i386-linux-gnu/libnss_files-2.19.so
b65f3000-b65f4000 rwxp 0000b000 08:01 1317821    /lib/i386-linux-gnu/libnss_files-2.19.so
b65f4000-b65fe000 r-xp 00000000 08:01 1316154    /lib/i386-linux-gnu/libnss_nis-2.19.so
b65fe000-b65ff000 r-xp 00009000 08:01 1316154    /lib/i386-linux-gnu/libnss_nis-2.19.so
b65ff000-b6600000 rwxp 0000a000 08:01 1316154    /lib/i386-linux-gnu/libnss_nis-2.19.so
b6600000-b66f6000 rwxp 00000000 00:00 0 
b66f6000-b6700000 ---p 00000000 00:00 0 
b6701000-b6707000 r-xs 00079000 08:01 1379743    /home/islam/.titanium/mobilesdk/linux/4.1.0.GA/android/titanium.jar
b6707000-b671c000 r-xp 00000000 08:01 1312100    /lib/i386-linux-gnu/libnsl-2.19.so
b671c000-b671d000 r-xp 00015000 08:01 1312100    /lib/i386-linux-gnu/libnsl-2.19.so
b671d000-b671e000 rwxp 00016000 08:01 1312100    /lib/i386-linux-gnu/libnsl-2.19.so
b671e000-b6720000 rwxp 00000000 00:00 0 
b6725000-b6734000 r-xs 000dd000 08:01 989878     /home/islam/android-sdk/build-tools/21.1.2/lib/dx.jar
b6734000-b673c000 rwxs 00000000 08:01 317100     /tmp/hsperfdata_islam/26454
b673c000-b675f000 r-xp 00000000 08:01 142116     /home/islam/jdk1.7.0_45/jre/lib/i386/libjava.so
b675f000-b6760000 rwxp 00022000 08:01 142116     /home/islam/jdk1.7.0_45/jre/lib/i386/libjava.so
b6760000-b6767000 r-xp 00000000 08:01 1315912    /lib/i386-linux-gnu/librt-2.19.so
b6767000-b6768000 r-xp 00006000 08:01 1315912    /lib/i386-linux-gnu/librt-2.19.so
b6768000-b6769000 rwxp 00007000 08:01 1315912    /lib/i386-linux-gnu/librt-2.19.so
b6769000-b676c000 ---p 00000000 00:00 0 
b676c000-b67ba000 rwxp 00000000 00:00 0          [stack:26455]
b67ba000-b67fe000 r-xp 00000000 08:01 1316155    /lib/i386-linux-gnu/libm-2.19.so
b67fe000-b67ff000 r-xp 00043000 08:01 1316155    /lib/i386-linux-gnu/libm-2.19.so
b67ff000-b6800000 rwxp 00044000 08:01 1316155    /lib/i386-linux-gnu/libm-2.19.so
b6800000-b7077000 r-xp 00000000 08:01 140952     /home/islam/jdk1.7.0_45/jre/lib/i386/server/libjvm.so
b7077000-b70dc000 rwxp 00876000 08:01 140952     /home/islam/jdk1.7.0_45/jre/lib/i386/server/libjvm.so
b70dc000-b74ff000 rwxp 00000000 00:00 0 
b74ff000-b76a8000 r-xp 00000000 08:01 1311560    /lib/i386-linux-gnu/libc-2.19.so
b76a8000-b76aa000 r-xp 001a9000 08:01 1311560    /lib/i386-linux-gnu/libc-2.19.so
b76aa000-b76ab000 rwxp 001ab000 08:01 1311560    /lib/i386-linux-gnu/libc-2.19.so
b76ab000-b76ae000 rwxp 00000000 00:00 0 
b76ae000-b76b1000 r-xp 00000000 08:01 1337410    /lib/i386-linux-gnu/libdl-2.19.so
b76b1000-b76b2000 r-xp 00002000 08:01 1337410    /lib/i386-linux-gnu/libdl-2.19.so
b76b2000-b76b3000 rwxp 00003000 08:01 1337410    /lib/i386-linux-gnu/libdl-2.19.so
b76b3000-b76b4000 rwxp 00000000 00:00 0 
b76b4000-b76c7000 r-xp 00000000 08:01 941142     /home/islam/jdk1.7.0_45/lib/i386/jli/libjli.so
b76c7000-b76c8000 rwxp 00012000 08:01 941142     /home/islam/jdk1.7.0_45/lib/i386/jli/libjli.so
b76c8000-b76e0000 r-xp 00000000 08:01 1314159    /lib/i386-linux-gnu/libpthread-2.19.so
b76e0000-b76e1000 r-xp 00017000 08:01 1314159    /lib/i386-linux-gnu/libpthread-2.19.so
b76e1000-b76e2000 rwxp 00018000 08:01 1314159    /lib/i386-linux-gnu/libpthread-2.19.so
b76e2000-b76e4000 rwxp 00000000 00:00 0 
b76e6000-b76e8000 rwxp 00000000 00:00 0 
b76e8000-b76e9000 r-xp 006f4000 08:01 787301     /usr/lib/locale/locale-archive
b76e9000-b76f0000 r-xp 00000000 08:01 1313642    /lib/i386-linux-gnu/libnss_compat-2.19.so
b76f0000-b76f1000 r-xp 00006000 08:01 1313642    /lib/i386-linux-gnu/libnss_compat-2.19.so
b76f1000-b76f2000 rwxp 00007000 08:01 1313642    /lib/i386-linux-gnu/libnss_compat-2.19.so
b76f2000-b76f3000 rwxp 00000000 00:00 0 
b76f3000-b76f4000 ---p 00000000 00:00 0 
b76f4000-b76ff000 r-xp 00000000 08:01 141446     /home/islam/jdk1.7.0_45/jre/lib/i386/libverify.so
b76ff000-b7700000 rwxp 0000b000 08:01 141446     /home/islam/jdk1.7.0_45/jre/lib/i386/libverify.so
b7700000-b7702000 rwxp 00000000 00:00 0 
b7702000-b7703000 r-xp 00000000 00:00 0          [vdso]
b7703000-b7723000 r-xp 00000000 08:01 1317757    /lib/i386-linux-gnu/ld-2.19.so
b7723000-b7724000 r-xp 0001f000 08:01 1317757    /lib/i386-linux-gnu/ld-2.19.so
b7724000-b7725000 rwxp 00020000 08:01 1317757    /lib/i386-linux-gnu/ld-2.19.so
bf98a000-bf9ad000 rw-p 00000000 00:00 0          [stack]

VM Arguments:
jvm_args: -Xmx1024M -XX:-UseGCOverheadLimit -Djava.ext.dirs=/home/islam/android-sdk/platform-tools 
java_command: /home/islam/android-sdk/build-tools/21.1.2/lib/dx.jar --dex --output=/home/islam/Appcelerator_Studio_Workspace/TiAttendance/build/android/bin/classes.dex /home/islam/Appcelerator_Studio_Workspace/TiAttendance/build/android/bin/classes /home/islam/.titanium/mobilesdk/linux/4.1.0.GA/android/lib/titanium-verify.jar /home/islam/.titanium/mobilesdk/linux/4.1.0.GA/android/kroll-v8.jar /home/islam/.titanium/mobilesdk/linux/4.1.0.GA/android/modules/titanium-analytics.jar /home/islam/.titanium/mobilesdk/linux/4.1.0.GA/android/aps-analytics.jar /home/islam/.titanium/mobilesdk/linux/4.1.0.GA/android/modules/titanium-android.jar /home/islam/.titanium/mobilesdk/linux/4.1.0.GA/android/jaxen-1.1.1.jar /home/islam/.titanium/mobilesdk/linux/4.1.0.GA/android/ti-commons-codec-1.3.jar /home/islam/.titanium/mobilesdk/linux/4.1.0.GA/android/kroll-common.jar /home/islam/.titanium/mobilesdk/linux/4.1.0.GA/android/titanium.jar /home/islam/.titanium/mobilesdk/linux/4.1.0.GA/android/modules/titanium-app.jar /home/islam/.titanium/mobilesdk/linux/4.1.0.GA/android/modules/titanium-ui.jar /home/islam/.titanium/mobilesdk/linux/4.1.0.GA/android/nineoldandroids-appc-2.4.0.jar /home/islam/.titanium/mobilesdk/linux/4.1.0.GA/android/modules/titanium-filesystem.jar /home/islam/.titanium/mobilesdk/linux/4.1.0.GA/android/modules/titanium-media.jar /home/islam/.titanium/mobilesdk/linux/4.1.0.GA/android/modules/titanium-appcompat.jar /home/islam/.titanium/mobilesdk/linux/4.1.0.GA/android/android-support-v4.jar /home/islam/.titanium/mobilesdk/linux/4.1.0.GA/android/android-support-v7-appcompat.jar /home/islam/.titanium/mobilesdk/linux/4.1.0.GA/android/modules/titanium-locale.jar /home/islam/.titanium/mobilesdk/linux/4.1.0.GA/android/modules/titanium-network.jar /home/islam/.titanium/mobilesdk/linux/4.1.0.GA/android/thirdparty.jar /home/islam/.titanium/mobilesdk/linux/4.1.0.GA/android/modules/titanium-xml.jar /home/islam/.titanium/mobilesdk/linux/4.1.0.GA/android/modules/titanium-platform.jar 
Launcher Type: SUN_STANDARD

Environment Variables:
JAVA_HOME=/home/islam/jdk1.7.0_45
PATH=/usr/local/heroku/bin:~/.composer/vendor/bin:/usr/local/sbin:/usr/local/bin:/usr/sbin:/usr/bin:/sbin:/bin:/usr/games:/usr/local/games:/home/islam/.rvm/bin:/var/www/ZendFramework-1.12.1/bin/:/home/islam/.rvm/bin:/home/islam/android-sdk/tools:/home/islam/android-sdk/platform-tools:/home/islam/.rvm/bin
SHELL=/bin/bash
DISPLAY=:0

Signal Handlers:
SIGSEGV: [libjvm.so+0x7dd350], sa_mask[0]=0x7ffbfeff, sa_flags=0x10000004
SIGBUS: [libjvm.so+0x7dd350], sa_mask[0]=0x7ffbfeff, sa_flags=0x10000004
SIGFPE: [libjvm.so+0x678b60], sa_mask[0]=0x7ffbfeff, sa_flags=0x10000004
SIGPIPE: [libjvm.so+0x678b60], sa_mask[0]=0x7ffbfeff, sa_flags=0x10000004
SIGXFSZ: [libjvm.so+0x678b60], sa_mask[0]=0x7ffbfeff, sa_flags=0x10000004
SIGILL: [libjvm.so+0x678b60], sa_mask[0]=0x7ffbfeff, sa_flags=0x10000004
SIGUSR1: SIG_DFL, sa_mask[0]=0x00000000, sa_flags=0x00000000
SIGUSR2: [libjvm.so+0x67a050], sa_mask[0]=0x00000000, sa_flags=0x10000004
SIGHUP: [libjvm.so+0x67b1a0], sa_mask[0]=0x7ffbfeff, sa_flags=0x10000004
SIGINT: [libjvm.so+0x67b1a0], sa_mask[0]=0x7ffbfeff, sa_flags=0x10000004
SIGTERM: [libjvm.so+0x67b1a0], sa_mask[0]=0x7ffbfeff, sa_flags=0x10000004
SIGQUIT: [libjvm.so+0x67b1a0], sa_mask[0]=0x7ffbfeff, sa_flags=0x10000004


---------------  S Y S T E M  ---------------

OS:jessie/sid

uname:Linux 3.13.0-29-generic #53-Ubuntu SMP Wed Jun 4 21:02:19 UTC 2014 i686
libc:glibc 2.19 NPTL 2.19 
rlimit: STACK 8192k, CORE 0k, NPROC 31456, NOFILE 4096, AS infinity
load average:2.39 1.21 0.95

/proc/meminfo:
MemTotal:        4045540 kB
MemFree:          209764 kB
Buffers:            6056 kB
Cached:           476048 kB
SwapCached:            0 kB
Active:          3253876 kB
Inactive:         447744 kB
Active(anon):    3222896 kB
Inactive(anon):   421056 kB
Active(file):      30980 kB
Inactive(file):    26688 kB
Unevictable:         364 kB
Mlocked:             364 kB
HighTotal:       3193536 kB
HighFree:          41364 kB
LowTotal:         852004 kB
LowFree:          168400 kB
SwapTotal:             0 kB
SwapFree:              0 kB
Dirty:               916 kB
Writeback:             0 kB
AnonPages:       3220128 kB
Mapped:           163548 kB
Shmem:            424036 kB
Slab:              62896 kB
SReclaimable:      32268 kB
SUnreclaim:        30628 kB
KernelStack:        7472 kB
PageTables:        28284 kB
NFS_Unstable:          0 kB
Bounce:                0 kB
WritebackTmp:          0 kB
CommitLimit:     2022768 kB
Committed_AS:    9938496 kB
VmallocTotal:     122880 kB
VmallocUsed:       16704 kB
VmallocChunk:     101168 kB
HardwareCorrupted:     0 kB
AnonHugePages:   1122304 kB
HugePages_Total:       0
HugePages_Free:        0
HugePages_Rsvd:        0
HugePages_Surp:        0
Hugepagesize:       2048 kB
DirectMap4k:       38904 kB
DirectMap2M:      872448 kB


CPU:total 4 (2 cores per cpu, 2 threads per core) family 6 model 42 stepping 7, cmov, cx8, fxsr, mmx, sse, sse2, sse3, ssse3, sse4.1, sse4.2, popcnt, avx, aes, ht, tsc, tscinvbit

/proc/cpuinfo:
processor	: 0
vendor_id	: GenuineIntel
cpu family	: 6
model		: 42
model name	: Intel(R) Core(TM) i5-2467M CPU @ 1.60GHz
stepping	: 7
microcode	: 0x28
cpu MHz		: 800.000
cache size	: 3072 KB
physical id	: 0
siblings	: 4
core id		: 0
cpu cores	: 2
apicid		: 0
initial apicid	: 0
fdiv_bug	: no
f00f_bug	: no
coma_bug	: no
fpu		: yes
fpu_exception	: yes
cpuid level	: 13
wp		: yes
flags		: fpu vme de pse tsc msr pae mce cx8 apic sep mtrr pge mca cmov pat pse36 clflush dts acpi mmx fxsr sse sse2 ss ht tm pbe nx rdtscp lm constant_tsc arch_perfmon pebs bts xtopology nonstop_tsc aperfmperf eagerfpu pni pclmulqdq dtes64 monitor ds_cpl vmx est tm2 ssse3 cx16 xtpr pdcm pcid sse4_1 sse4_2 x2apic popcnt tsc_deadline_timer aes xsave avx lahf_lm ida arat epb xsaveopt pln pts dtherm tpr_shadow vnmi flexpriority ept vpid
bogomips	: 3192.78
clflush size	: 64
cache_alignment	: 64
address sizes	: 36 bits physical, 48 bits virtual
power management:

processor	: 1
vendor_id	: GenuineIntel
cpu family	: 6
model		: 42
model name	: Intel(R) Core(TM) i5-2467M CPU @ 1.60GHz
stepping	: 7
microcode	: 0x28
cpu MHz		: 1601.000
cache size	: 3072 KB
physical id	: 0
siblings	: 4
core id		: 1
cpu cores	: 2
apicid		: 2
initial apicid	: 2
fdiv_bug	: no
f00f_bug	: no
coma_bug	: no
fpu		: yes
fpu_exception	: yes
cpuid level	: 13
wp		: yes
flags		: fpu vme de pse tsc msr pae mce cx8 apic sep mtrr pge mca cmov pat pse36 clflush dts acpi mmx fxsr sse sse2 ss ht tm pbe nx rdtscp lm constant_tsc arch_perfmon pebs bts xtopology nonstop_tsc aperfmperf eagerfpu pni pclmulqdq dtes64 monitor ds_cpl vmx est tm2 ssse3 cx16 xtpr pdcm pcid sse4_1 sse4_2 x2apic popcnt tsc_deadline_timer aes xsave avx lahf_lm ida arat epb xsaveopt pln pts dtherm tpr_shadow vnmi flexpriority ept vpid
bogomips	: 3192.78
clflush size	: 64
cache_alignment	: 64
address sizes	: 36 bits physical, 48 bits virtual
power management:

processor	: 2
vendor_id	: GenuineIntel
cpu family	: 6
model		: 42
model name	: Intel(R) Core(TM) i5-2467M CPU @ 1.60GHz
stepping	: 7
microcode	: 0x28
cpu MHz		: 1601.000
cache size	: 3072 KB
physical id	: 0
siblings	: 4
core id		: 0
cpu cores	: 2
apicid		: 1
initial apicid	: 1
fdiv_bug	: no
f00f_bug	: no
coma_bug	: no
fpu		: yes
fpu_exception	: yes
cpuid level	: 13
wp		: yes
flags		: fpu vme de pse tsc msr pae mce cx8 apic sep mtrr pge mca cmov pat pse36 clflush dts acpi mmx fxsr sse sse2 ss ht tm pbe nx rdtscp lm constant_tsc arch_perfmon pebs bts xtopology nonstop_tsc aperfmperf eagerfpu pni pclmulqdq dtes64 monitor ds_cpl vmx est tm2 ssse3 cx16 xtpr pdcm pcid sse4_1 sse4_2 x2apic popcnt tsc_deadline_timer aes xsave avx lahf_lm ida arat epb xsaveopt pln pts dtherm tpr_shadow vnmi flexpriority ept vpid
bogomips	: 3192.78
clflush size	: 64
cache_alignment	: 64
address sizes	: 36 bits physical, 48 bits virtual
power management:

processor	: 3
vendor_id	: GenuineIntel
cpu family	: 6
model		: 42
model name	: Intel(R) Core(TM) i5-2467M CPU @ 1.60GHz
stepping	: 7
microcode	: 0x28
cpu MHz		: 1100.000
cache size	: 3072 KB
physical id	: 0
siblings	: 4
core id		: 1
cpu cores	: 2
apicid		: 3
initial apicid	: 3
fdiv_bug	: no
f00f_bug	: no
coma_bug	: no
fpu		: yes
fpu_exception	: yes
cpuid level	: 13
wp		: yes
flags		: fpu vme de pse tsc msr pae mce cx8 apic sep mtrr pge mca cmov pat pse36 clflush dts acpi mmx fxsr sse sse2 ss ht tm pbe nx rdtscp lm constant_tsc arch_perfmon pebs bts xtopology nonstop_tsc aperfmperf eagerfpu pni pclmulqdq dtes64 monitor ds_cpl vmx est tm2 ssse3 cx16 xtpr pdcm pcid sse4_1 sse4_2 x2apic popcnt tsc_deadline_timer aes xsave avx lahf_lm ida arat epb xsaveopt pln pts dtherm tpr_shadow vnmi flexpriority ept vpid
bogomips	: 3192.78
clflush size	: 64
cache_alignment	: 64
address sizes	: 36 bits physical, 48 bits virtual
power management:



Memory: 4k page, physical 4045540k(209764k free), swap 0k(0k free)

vm_info: Java HotSpot(TM) Server VM (24.45-b08) for linux-x86 JRE (1.7.0_45-b18), built on Oct  8 2013 05:44:51 by "java_re" with gcc 4.3.0 20080428 (Red Hat 4.3.0-8)

time: Sat Sep  5 14:55:08 2015
elapsed time: 19 seconds

